\BOOKMARK [1][-]{section.1}{\376\377\000I\000n\000t\000r\000o\000d\000u\000z\000i\000o\000n\000e}{}% 1
\BOOKMARK [2][-]{subsection.1.1}{\376\377\000C\000o\000m\000'\000\350\000\040\000n\000a\000t\000a\000\040\000l\000'\000i\000d\000e\000a}{section.1}% 2
\BOOKMARK [2][-]{subsection.1.2}{\376\377\000L\000'\000o\000b\000b\000i\000e\000t\000t\000i\000v\000o\000\040\000d\000i\000\040\000S\000t\000u\000d\000e\000n\000t\000S\000p\000a\000c\000e}{section.1}% 3
\BOOKMARK [1][-]{section.2}{\376\377\000A\000n\000a\000l\000i\000s\000i\000\040\000d\000e\000l\000\040\000l\000a\000v\000o\000r\000o\000\040\000s\000v\000o\000l\000t\000o}{}% 4
\BOOKMARK [2][-]{subsection.2.1}{\376\377\000P\000r\000o\000c\000e\000s\000s\000o\000\040\000d\000e\000c\000i\000s\000i\000o\000n\000a\000l\000e}{section.2}% 5
\BOOKMARK [2][-]{subsection.2.2}{\376\377\000M\000o\000d\000a\000l\000i\000t\000\340\000\040\000d\000i\000\040\000l\000a\000v\000o\000r\000o}{section.2}% 6
\BOOKMARK [2][-]{subsection.2.3}{\376\377\000D\000i\000v\000i\000s\000i\000o\000n\000e\000\040\000d\000e\000l\000\040\000l\000a\000v\000o\000r\000o}{section.2}% 7
\BOOKMARK [1][-]{section.3}{\376\377\000A\000n\000a\000l\000i\000s\000i\000\040\000d\000e\000i\000\040\000r\000e\000q\000u\000i\000s\000i\000t\000i}{}% 8
\BOOKMARK [2][-]{subsection.3.1}{\376\377\000T\000i\000p\000o\000l\000o\000g\000i\000e\000\040\000d\000i\000\040\000U\000t\000e\000n\000t\000i}{section.3}% 9
\BOOKMARK [2][-]{subsection.3.2}{\376\377\000A\000n\000a\000l\000i\000s\000i\000\040\000d\000e\000i\000\040\000c\000o\000n\000t\000e\000n\000u\000t\000i}{section.3}% 10
\BOOKMARK [3][-]{subsubsection.3.2.1}{\376\377\000T\000i\000p\000i\000\040\000d\000i\000\040\000a\000n\000n\000u\000n\000c\000i}{subsection.3.2}% 11
\BOOKMARK [3][-]{subsubsection.3.2.2}{\376\377\000C\000a\000m\000p\000i\000\040\000g\000e\000n\000e\000r\000i\000c\000i}{subsection.3.2}% 12
\BOOKMARK [3][-]{subsubsection.3.2.3}{\376\377\000C\000a\000m\000p\000i\000\040\000s\000p\000e\000c\000i\000f\000i\000c\000i\000\040\000p\000e\000r\000\040\000c\000a\000t\000e\000g\000o\000r\000i\000a}{subsection.3.2}% 13
\BOOKMARK [2][-]{subsection.3.3}{\376\377\000R\000e\000q\000u\000i\000s\000i\000t\000i\000\040\000f\000u\000n\000z\000i\000o\000n\000a\000l\000i\000t\000\340}{section.3}% 14
\BOOKMARK [3][-]{subsubsection.3.3.1}{\376\377\000R\000e\000g\000i\000s\000t\000r\000a\000z\000i\000o\000n\000e\000\040\000e\000\040\000l\000o\000g\000i\000n}{subsection.3.3}% 15
\BOOKMARK [3][-]{subsubsection.3.3.2}{\376\377\000P\000u\000b\000b\000l\000i\000c\000a\000z\000i\000o\000n\000e\000\040\000a\000n\000n\000u\000n\000c\000i}{subsection.3.3}% 16
\BOOKMARK [3][-]{subsubsection.3.3.3}{\376\377\000M\000o\000d\000i\000f\000i\000c\000a\000\040\000e\000d\000\040\000e\000l\000i\000m\000i\000n\000a\000z\000i\000o\000n\000e\000\040\000a\000n\000n\000u\000n\000c\000i}{subsection.3.3}% 17
\BOOKMARK [3][-]{subsubsection.3.3.4}{\376\377\000F\000i\000l\000t\000r\000a\000g\000g\000i\000o\000\040\000e\000\040\000r\000i\000c\000e\000r\000c\000a\000\040\000a\000n\000n\000u\000n\000c\000i}{subsection.3.3}% 18
\BOOKMARK [3][-]{subsubsection.3.3.5}{\376\377\000V\000a\000l\000i\000d\000a\000z\000i\000o\000n\000e\000\040\000i\000n\000p\000u\000t}{subsection.3.3}% 19
\BOOKMARK [3][-]{subsubsection.3.3.6}{\376\377\000A\000c\000c\000e\000s\000s\000i\000b\000i\000l\000i\000t\000\340\000\040\000e\000\040\000r\000e\000s\000p\000o\000n\000s\000i\000v\000i\000t\000\340}{subsection.3.3}% 20
\BOOKMARK [1][-]{section.4}{\376\377\000P\000r\000o\000g\000e\000t\000t\000a\000z\000i\000o\000n\000e}{}% 21
\BOOKMARK [2][-]{subsection.4.1}{\376\377\000A\000r\000c\000h\000i\000e\000t\000e\000t\000t\000u\000r\000a\000\040\000d\000e\000l\000\040\000s\000i\000s\000t\000e\000m\000a}{section.4}% 22
\BOOKMARK [2][-]{subsection.4.2}{\376\377\000P\000r\000o\000g\000e\000t\000t\000a\000z\000i\000o\000n\000e\000\040\000D\000a\000t\000a\000b\000a\000s\000e}{section.4}% 23
\BOOKMARK [3][-]{subsubsection.4.2.1}{\376\377\000A\000n\000a\000l\000i\000s\000i\000\040\000d\000e\000i\000\040\000r\000e\000q\000u\000i\000s\000i\000t\000i\000\040\000d\000e\000l\000\040\000d\000a\000t\000a\000b\000a\000s\000e\000\040\000e\000\040\000p\000r\000o\000g\000e\000t\000t\000a\000z\000i\000o\000n\000e\000\040\000l\000o\000g\000i\000c\000a}{subsection.4.2}% 24
\BOOKMARK [3][-]{subsubsection.4.2.2}{\376\377\000S\000c\000h\000e\000m\000a\000\040\000E\000R}{subsection.4.2}% 25
\BOOKMARK [3][-]{subsubsection.4.2.3}{\376\377\000S\000c\000h\000e\000m\000a\000\040\000E\000R\000\040\000r\000i\000s\000t\000r\000u\000t\000t\000u\000r\000a\000t\000o}{subsection.4.2}% 26
\BOOKMARK [3][-]{subsubsection.4.2.4}{\376\377\000S\000c\000e\000l\000t\000a\000\040\000d\000e\000l\000l\000e\000\040\000c\000h\000i\000a\000v\000i\000\040\000p\000r\000i\000m\000a\000r\000i\000e}{subsection.4.2}% 27
\BOOKMARK [3][-]{subsubsection.4.2.5}{\376\377\000S\000c\000h\000e\000m\000a\000\040\000l\000o\000g\000i\000c\000o\000\040\000\050\000r\000e\000l\000a\000z\000i\000o\000n\000a\000l\000e\000\051}{subsection.4.2}% 28
\BOOKMARK [3][-]{subsubsection.4.2.6}{\376\377\000N\000o\000r\000m\000a\000l\000i\000z\000z\000a\000z\000i\000o\000n\000e}{subsection.4.2}% 29
\BOOKMARK [3][-]{subsubsection.4.2.7}{\376\377\000V\000i\000n\000c\000o\000l\000i\000\040\000d\000i\000\040\000i\000n\000t\000e\000g\000r\000i\000t\000\340}{subsection.4.2}% 30
\BOOKMARK [2][-]{subsection.4.3}{\376\377\000S\000t\000r\000u\000t\000t\000u\000r\000a\000\040\000d\000e\000l\000\040\000s\000i\000t\000o}{section.4}% 31
\BOOKMARK [2][-]{subsection.4.4}{\376\377\000M\000o\000c\000k\000u\000p}{section.4}% 32
\BOOKMARK [2][-]{subsection.4.5}{\376\377\000R\000e\000s\000p\000o\000n\000s\000i\000v\000e\000\040\000W\000e\000b\000\040\000D\000e\000s\000i\000g\000n\000\040\000e\000\040\000M\000o\000b\000i\000l\000e\000\040\000F\000i\000r\000s\000t}{section.4}% 33
\BOOKMARK [1][-]{section.5}{\376\377\000S\000v\000i\000l\000u\000p\000p\000o}{}% 34
\BOOKMARK [2][-]{subsection.5.1}{\376\377\000F\000r\000o\000n\000t\000-\000e\000n\000d\000\040\000\050\000H\000T\000M\000L\000,\000\040\000C\000S\000S\000,\000\040\000J\000S\000\051}{section.5}% 35
\BOOKMARK [3][-]{subsubsection.5.1.1}{\376\377\000H\000T\000M\000L}{subsection.5.1}% 36
\BOOKMARK [3][-]{subsubsection.5.1.2}{\376\377\000C\000S\000S\000\040\000e\000\040\000d\000e\000c\000i\000s\000i\000o\000n\000i\000\040\000d\000i\000\040\000d\000e\000s\000i\000g\000n\000\040\000\050\000i\000m\000m\000a\000g\000i\000n\000i\000,\000\040\000p\000a\000l\000e\000t\000t\000e\000\040\000c\000o\000l\000o\000r\000i\000\051}{subsection.5.1}% 37
\BOOKMARK [2][-]{subsection.5.2}{\376\377\000B\000a\000c\000k\000-\000e\000n\000d\000\040\000\050\000P\000H\000P\000,\000\040\000D\000a\000t\000a\000b\000a\000s\000e\000\051}{section.5}% 38
\BOOKMARK [2][-]{subsection.5.3}{\376\377\000V\000a\000l\000i\000d\000a\000z\000i\000o\000n\000e\000\040\000e\000\040\000S\000i\000c\000u\000r\000e\000z\000z\000a}{section.5}% 39
\BOOKMARK [1][-]{section.6}{\376\377\000T\000e\000s\000t}{}% 40
\BOOKMARK [2][-]{subsection.6.1}{\376\377\000T\000e\000s\000t\000\040\000f\000u\000n\000z\000i\000o\000n\000a\000l\000i}{section.6}% 41
\BOOKMARK [2][-]{subsection.6.2}{\376\377\000T\000e\000s\000t\000\040\000d\000i\000\040\000c\000o\000m\000p\000a\000t\000i\000b\000i\000l\000i\000t\000\340}{section.6}% 42
\BOOKMARK [2][-]{subsection.6.3}{\376\377\000T\000e\000s\000t\000\040\000d\000i\000\040\000a\000c\000c\000e\000s\000s\000i\000b\000i\000l\000i\000t\000\340}{section.6}% 43
\BOOKMARK [1][-]{section.7}{\376\377\000A\000c\000c\000e\000s\000s\000i\000b\000i\000l\000i\000t\000\340}{}% 44
\BOOKMARK [2][-]{subsection.7.1}{\376\377\000I\000n\000t\000r\000o\000d\000u\000z\000i\000o\000n\000e}{section.7}% 45
\BOOKMARK [2][-]{subsection.7.2}{\376\377\000W\000A\000I\000-\000A\000R\000I\000A\000\040\000e\000\040\000s\000c\000r\000e\000e\000n\000-\000r\000e\000a\000d\000e\000r}{section.7}% 46
\BOOKMARK [2][-]{subsection.7.3}{\376\377\000P\000r\000o\000g\000r\000e\000s\000s\000i\000v\000e\000\040\000E\000n\000h\000a\000n\000c\000e\000m\000e\000n\000t}{section.7}% 47
\BOOKMARK [2][-]{subsection.7.4}{\376\377\000S\000u\000p\000p\000o\000r\000t\000o\000\040\000a\000i\000\040\000d\000i\000s\000p\000o\000s\000i\000t\000i\000v\000i\000\040\040\034\000l\000e\000g\000a\000c\000y\040\035}{section.7}% 48
\BOOKMARK [2][-]{subsection.7.5}{\376\377\000U\000l\000t\000e\000r\000i\000o\000r\000i\000\040\000f\000u\000n\000z\000i\000o\000n\000a\000l\000i\000t\000\340\000\040\000d\000i\000\040\000a\000c\000c\000e\000s\000s\000i\000b\000i\000l\000i\000t\000\340}{section.7}% 49
\BOOKMARK [1][-]{section.8}{\376\377\000S\000E\000O\000\040\000e\000\040\000p\000r\000e\000s\000t\000a\000z\000i\000o\000n\000i}{}% 50
\BOOKMARK [2][-]{subsection.8.1}{\376\377\000A\000n\000a\000l\000i\000s\000i\000\040\000d\000e\000l\000l\000e\000\040\000p\000o\000s\000s\000i\000b\000i\000l\000i\000\040\000r\000i\000c\000e\000r\000c\000h\000e\000\040\000s\000u\000\040\000G\000o\000o\000g\000l\000e}{section.8}% 51
\BOOKMARK [1][-]{section.9}{\376\377\000S\000t\000r\000u\000m\000e\000n\000t\000i\000\040\000u\000t\000i\000l\000i\000z\000z\000a\000t\000i}{}% 52
\BOOKMARK [1][-]{section.10}{\376\377\000G\000u\000i\000d\000a\000\040\000a\000l\000l\040\031\000i\000n\000s\000t\000a\000l\000l\000a\000z\000i\000o\000n\000e\000\040\000d\000e\000l\000\040\000p\000r\000o\000g\000e\000t\000t\000o}{}% 53
